<?xml version="1.0" encoding="UTF-8"?>
<testsuite name="com.tekartik.sqflite.ConstantTest" tests="1" skipped="0" failures="0" errors="0" timestamp="2022-08-06T16:29:30" hostname="sulimans-MacBook-Pro.local" time="0.007">
  <properties/>
  <testcase name="key" classname="com.tekartik.sqflite.ConstantTest" time="0.007"/>
  <system-out><![CDATA[]]></system-out>
  <system-err><![CDATA[]]></system-err>
</testsuite>
