<?xml version="1.0" encoding="UTF-8"?>
<testsuite name="io.flutter.plugins.webviewflutter.JavaScriptChannelTest" tests="1" skipped="0" failures="0" errors="0" timestamp="2022-08-06T16:29:44" hostname="sulimans-MacBook-Pro.local" time="0.041">
  <properties/>
  <testcase name="postMessage" classname="io.flutter.plugins.webviewflutter.JavaScriptChannelTest" time="0.041"/>
  <system-out><![CDATA[]]></system-out>
  <system-err><![CDATA[]]></system-err>
</testsuite>
