<?xml version="1.0" encoding="UTF-8"?>
<testsuite name="io.flutter.plugins.webviewflutter.WebViewClientTest" tests="4" skipped="0" failures="0" errors="0" timestamp="2022-08-06T16:29:45" hostname="sulimans-MacBook-Pro.local" time="0.08">
  <properties/>
  <testcase name="onReceivedError" classname="io.flutter.plugins.webviewflutter.WebViewClientTest" time="0.064"/>
  <testcase name="urlLoading" classname="io.flutter.plugins.webviewflutter.WebViewClientTest" time="0.006"/>
  <testcase name="convertWebResourceRequestWithNullHeaders" classname="io.flutter.plugins.webviewflutter.WebViewClientTest" time="0.006"/>
  <testcase name="onPageStarted" classname="io.flutter.plugins.webviewflutter.WebViewClientTest" time="0.004"/>
  <system-out><![CDATA[]]></system-out>
  <system-err><![CDATA[]]></system-err>
</testsuite>
