<?xml version="1.0" encoding="UTF-8"?>
<testsuite name="io.flutter.plugins.webviewflutter.DownloadListenerTest" tests="1" skipped="0" failures="0" errors="0" timestamp="2022-08-06T16:29:42" hostname="sulimans-MacBook-Pro.local" time="0.127">
  <properties/>
  <testcase name="postMessage" classname="io.flutter.plugins.webviewflutter.DownloadListenerTest" time="0.127"/>
  <system-out><![CDATA[]]></system-out>
  <system-err><![CDATA[]]></system-err>
</testsuite>
