<?xml version="1.0" encoding="UTF-8"?>
<testsuite name="io.flutter.plugins.webviewflutter.InputAwareWebViewTest" tests="1" skipped="0" failures="0" errors="0" timestamp="2022-08-06T16:29:43" hostname="sulimans-MacBook-Pro.local" time="1.065">
  <properties/>
  <testcase name="runnableChecksContainerViewIsNull" classname="io.flutter.plugins.webviewflutter.InputAwareWebViewTest" time="1.065"/>
  <system-out><![CDATA[]]></system-out>
  <system-err><![CDATA[]]></system-err>
</testsuite>
