<?xml version="1.0" encoding="UTF-8"?>
<testsuite name="io.flutter.plugins.webviewflutter.InstanceManagerTest" tests="3" skipped="0" failures="0" errors="0" timestamp="2022-08-06T16:29:44" hostname="sulimans-MacBook-Pro.local" time="0.029">
  <properties/>
  <testcase name="addDartCreatedInstance" classname="io.flutter.plugins.webviewflutter.InstanceManagerTest" time="0.001"/>
  <testcase name="remove" classname="io.flutter.plugins.webviewflutter.InstanceManagerTest" time="0.026"/>
  <testcase name="addHostCreatedInstance" classname="io.flutter.plugins.webviewflutter.InstanceManagerTest" time="0.002"/>
  <system-out><![CDATA[]]></system-out>
  <system-err><![CDATA[]]></system-err>
</testsuite>
