<?xml version="1.0" encoding="UTF-8"?>
<testsuite name="io.flutter.plugins.webviewflutter.WebChromeClientTest" tests="2" skipped="0" failures="0" errors="0" timestamp="2022-08-06T16:29:44" hostname="sulimans-MacBook-Pro.local" time="0.46">
  <properties/>
  <testcase name="onProgressChanged" classname="io.flutter.plugins.webviewflutter.WebChromeClientTest" time="0.311"/>
  <testcase name="onCreateWindow" classname="io.flutter.plugins.webviewflutter.WebChromeClientTest" time="0.149"/>
  <system-out><![CDATA[]]></system-out>
  <system-err><![CDATA[]]></system-err>
</testsuite>
