<?xml version="1.0" encoding="UTF-8"?>
<testsuite name="io.flutter.plugins.webviewflutter.RegistrarFlutterAssetManagerTest" tests="2" skipped="0" failures="0" errors="0" timestamp="2022-08-06T16:29:44" hostname="sulimans-MacBook-Pro.local" time="0.07">
  <properties/>
  <testcase name="registrar_getAssetFilePathByName" classname="io.flutter.plugins.webviewflutter.RegistrarFlutterAssetManagerTest" time="0.066"/>
  <testcase name="list" classname="io.flutter.plugins.webviewflutter.RegistrarFlutterAssetManagerTest" time="0.003"/>
  <system-out><![CDATA[]]></system-out>
  <system-err><![CDATA[]]></system-err>
</testsuite>
