<?xml version="1.0" encoding="UTF-8"?>
<testsuite name="io.flutter.plugins.webviewflutter.FlutterAssetManagerHostApiImplTest" tests="4" skipped="0" failures="0" errors="0" timestamp="2022-08-06T16:29:43" hostname="sulimans-MacBook-Pro.local" time="0.092">
  <properties/>
  <testcase name="getAssetFilePathByName" classname="io.flutter.plugins.webviewflutter.FlutterAssetManagerHostApiImplTest" time="0.068"/>
  <testcase name="list_should_convert_io_exception_to_runtime_exception" classname="io.flutter.plugins.webviewflutter.FlutterAssetManagerHostApiImplTest" time="0.01"/>
  <testcase name="list" classname="io.flutter.plugins.webviewflutter.FlutterAssetManagerHostApiImplTest" time="0.007"/>
  <testcase name="list_returns_empty_list_when_no_results" classname="io.flutter.plugins.webviewflutter.FlutterAssetManagerHostApiImplTest" time="0.004"/>
  <system-out><![CDATA[]]></system-out>
  <system-err><![CDATA[]]></system-err>
</testsuite>
