<?xml version="1.0" encoding="UTF-8"?>
<testsuite name="io.flutter.plugins.webviewflutter.WebStorageHostApiImplTest" tests="1" skipped="0" failures="0" errors="0" timestamp="2022-08-06T16:29:45" hostname="sulimans-MacBook-Pro.local" time="0.085">
  <properties/>
  <testcase name="deleteAllData" classname="io.flutter.plugins.webviewflutter.WebStorageHostApiImplTest" time="0.085"/>
  <system-out><![CDATA[]]></system-out>
  <system-err><![CDATA[]]></system-err>
</testsuite>
