<?xml version="1.0" encoding="UTF-8"?>
<testsuite name="io.flutter.plugins.pathprovider.StorageDirectoryMapperTest" tests="3" skipped="0" failures="0" errors="0" timestamp="2022-08-06T16:29:11" hostname="sulimans-MacBook-Pro.local" time="0.025">
  <properties/>
  <testcase name="testAndroidType_valid" classname="io.flutter.plugins.pathprovider.StorageDirectoryMapperTest" time="0.015"/>
  <testcase name="testAndroidType_null" classname="io.flutter.plugins.pathprovider.StorageDirectoryMapperTest" time="0.001"/>
  <testcase name="testAndroidType_invalid" classname="io.flutter.plugins.pathprovider.StorageDirectoryMapperTest" time="0.001"/>
  <system-out><![CDATA[]]></system-out>
  <system-err><![CDATA[]]></system-err>
</testsuite>
