<?xml version="1.0" encoding="UTF-8"?>
<testsuite name="io.flutter.plugins.sharedpreferences.SharedPreferencesTest" tests="1" skipped="0" failures="0" errors="0" timestamp="2022-08-06T16:29:23" hostname="sulimans-MacBook-Pro.local" time="0.005">
  <properties/>
  <testcase name="initPluginDoesNotThrow" classname="io.flutter.plugins.sharedpreferences.SharedPreferencesTest" time="0.005"/>
  <system-out><![CDATA[]]></system-out>
  <system-err><![CDATA[]]></system-err>
</testsuite>
