<?xml version="1.0" encoding="UTF-8"?>
<testsuite name="com.tekartik.sqflite.SqlCommandTest" tests="5" skipped="0" failures="0" errors="0" timestamp="2022-08-06T16:29:28" hostname="sulimans-MacBook-Pro.local" time="0.008">
  <properties/>
  <testcase name="equals" classname="com.tekartik.sqflite.SqlCommandTest" time="0.002"/>
  <testcase name="sanitizeQuery" classname="com.tekartik.sqflite.SqlCommandTest" time="0.001"/>
  <testcase name="sqlArguments" classname="com.tekartik.sqflite.SqlCommandTest" time="0.003"/>
  <testcase name="indexedParam" classname="com.tekartik.sqflite.SqlCommandTest" time="0.001"/>
  <testcase name="noParam" classname="com.tekartik.sqflite.SqlCommandTest" time="0.0"/>
  <system-out><![CDATA[]]></system-out>
  <system-err><![CDATA[]]></system-err>
</testsuite>
